2017-May-11 19:56:08.222360 INFO [daemon] americancoin v1.1.1.1()
2017-May-11 19:56:08.222770 INFO [daemon] Module folder: ./americancoind
2017-May-11 19:56:08.225246 INFO [daemon] Initializing p2p server...
2017-May-11 19:56:08.227486 INFO [node_server] Binding on 0.0.0.0:17236
2017-May-11 19:56:08.227725 INFO [node_server] Net service binded on 0.0.0.0:17236
2017-May-11 19:56:08.227916 INFO [node_server] Attempting to add IGD port mapping.
2017-May-11 19:56:09.301041 INFO [node_server] Added IGD port mapping.
2017-May-11 19:56:09.301259 INFO [daemon] P2p server initialized OK
2017-May-11 19:56:09.301339 INFO [daemon] Initializing core...
2017-May-11 19:56:09.301537 INFO [Blockchain] Blockchain not loaded, generating genesis block.
2017-May-11 19:56:09.357774 INFO [Blockchain] Blockchain initialized. last block: 0, d1772.h18.m56.s9 time ago, current difficulty: 1
2017-May-11 19:56:09.357874 INFO [daemon] Core initialized OK
2017-May-11 19:56:09.358014 INFO [daemon] Starting core rpc server on address 127.0.0.1:18236
2017-May-11 19:56:09.358119 INFO [daemon] Core rpc server started ok
2017-May-11 19:56:09.358198 INFO [daemon] Starting p2p net loop...
2017-May-11 19:56:09.358268 INFO [node_server] Starting node_server
2017-May-11 19:56:09.718143 ERROR [node_server] Failed to connect to any of seed peers, continuing without seeds
2017-May-11 19:56:09.718274 INFO [core] 
2017-May-11 19:56:09.718274 INFO [core] **********************************************************************
2017-May-11 19:56:09.718274 INFO [core] The daemon will start synchronizing with the network. It may take up to several hours.
2017-May-11 19:56:09.718274 INFO [core] 
2017-May-11 19:56:09.718274 INFO [core] You can set the level of process detailization* through "set_log <level>" command*, where <level> is between 0 (no details) and 4 (very verbose).
2017-May-11 19:56:09.718274 INFO [core] 
2017-May-11 19:56:09.718274 INFO [core] Use "help" command to see the list of available commands.
2017-May-11 19:56:09.718274 INFO [core] 
2017-May-11 19:56:09.718274 INFO [core] Note: in case you need to interrupt the process, use "exit" command. Otherwise, the current progress won't be saved.
2017-May-11 19:56:09.718274 INFO [core] **********************************************************************
2017-May-11 19:56:12.044045 ERROR [node_server] Failed to connect to any of seed peers, continuing without seeds
2017-May-11 19:56:14.384345 ERROR [node_server] Failed to connect to any of seed peers, continuing without seeds
2017-May-11 19:56:16.677719 ERROR [node_server] Failed to connect to any of seed peers, continuing without seeds
2017-May-11 19:56:16.822113 INFO [node_server] Stop signal sent
2017-May-11 19:56:16.822130 INFO [node_server] Stopping NodeServer and it's0 connections...
2017-May-11 19:56:16.822716 INFO [node_server] NodeServer loop stopped
2017-May-11 19:56:16.822882 INFO [daemon] p2p net loop stopped
2017-May-11 19:56:16.823032 INFO [daemon] Stopping core rpc server...
2017-May-11 19:56:16.823225 INFO [daemon] Deinitializing core...
2017-May-11 19:56:16.823365 INFO [miner] Mining has been stopped, 0 finished
2017-May-11 19:56:16.823634 INFO [Blockchain] Saving blockchain...
2017-May-11 19:56:16.823760 INFO [BlockCacheSerializer] - saving block index...
2017-May-11 19:56:16.823834 INFO [BlockCacheSerializer] - saving transaction map...
2017-May-11 19:56:16.824000 INFO [BlockCacheSerializer] - saving spent keys...
2017-May-11 19:56:16.824100 INFO [BlockCacheSerializer] - saving outputs...
2017-May-11 19:56:16.824176 INFO [BlockCacheSerializer] - saving multi-signature outputs...
2017-May-11 19:56:16.824267 INFO [BlockCacheSerializer] Serialization time: 0ms
2017-May-11 19:56:16.824376 INFO [Blockchain] Saving blockchain indices...
2017-May-11 19:56:16.824547 INFO [BlockchainIndicesSerializer] - saving paymentID index...
2017-May-11 19:56:16.824703 INFO [BlockchainIndicesSerializer] - saving timestamp index...
2017-May-11 19:56:16.824766 INFO [BlockchainIndicesSerializer] - saving generated transactions index...
2017-May-11 19:56:16.824842 INFO [daemon] Deinitializing p2p...
2017-May-11 19:56:16.825035 INFO [miner] Mining has been stopped, 0 finished
2017-May-11 19:56:16.825382 INFO [daemon] Node stopped.
